mode: set
github.com/libp2p/go-libp2p-routing-helpers/composed.go:33.104,34.26 1 1
github.com/libp2p/go-libp2p-routing-helpers/composed.go:37.2,37.57 1 1
github.com/libp2p/go-libp2p-routing-helpers/composed.go:34.26,36.3 1 1
github.com/libp2p/go-libp2p-routing-helpers/composed.go:41.100,42.26 1 1
github.com/libp2p/go-libp2p-routing-helpers/composed.go:45.2,45.50 1 1
github.com/libp2p/go-libp2p-routing-helpers/composed.go:42.26,44.3 1 1
github.com/libp2p/go-libp2p-routing-helpers/composed.go:51.79,52.30 1 1
github.com/libp2p/go-libp2p-routing-helpers/composed.go:55.2,55.49 1 1
github.com/libp2p/go-libp2p-routing-helpers/composed.go:52.30,54.3 1 1
github.com/libp2p/go-libp2p-routing-helpers/composed.go:59.106,60.30 1 1
github.com/libp2p/go-libp2p-routing-helpers/composed.go:65.2,65.60 1 1
github.com/libp2p/go-libp2p-routing-helpers/composed.go:60.30,64.3 3 1
github.com/libp2p/go-libp2p-routing-helpers/composed.go:70.86,71.27 1 1
github.com/libp2p/go-libp2p-routing-helpers/composed.go:74.2,74.40 1 1
github.com/libp2p/go-libp2p-routing-helpers/composed.go:71.27,73.3 1 1
github.com/libp2p/go-libp2p-routing-helpers/composed.go:78.84,79.26 1 1
github.com/libp2p/go-libp2p-routing-helpers/composed.go:82.2,82.52 1 1
github.com/libp2p/go-libp2p-routing-helpers/composed.go:79.26,81.3 1 1
github.com/libp2p/go-libp2p-routing-helpers/composed.go:86.57,92.4 2 1
github.com/libp2p/go-libp2p-routing-helpers/composed.go:101.2,101.22 1 1
github.com/libp2p/go-libp2p-routing-helpers/composed.go:112.2,116.25 5 1
github.com/libp2p/go-libp2p-routing-helpers/composed.go:123.2,125.27 3 1
github.com/libp2p/go-libp2p-routing-helpers/composed.go:130.2,130.24 1 1
github.com/libp2p/go-libp2p-routing-helpers/composed.go:92.4,93.28 1 1
github.com/libp2p/go-libp2p-routing-helpers/composed.go:94.12,94.12 0 1
github.com/libp2p/go-libp2p-routing-helpers/composed.go:95.13,95.13 0 0
github.com/libp2p/go-libp2p-routing-helpers/composed.go:96.18,97.27 1 1
github.com/libp2p/go-libp2p-routing-helpers/composed.go:102.9,103.13 1 1
github.com/libp2p/go-libp2p-routing-helpers/composed.go:104.9,107.25 2 1
github.com/libp2p/go-libp2p-routing-helpers/composed.go:109.3,109.26 1 1
github.com/libp2p/go-libp2p-routing-helpers/composed.go:107.26,108.4 0 1
github.com/libp2p/go-libp2p-routing-helpers/composed.go:116.25,117.31 1 1
github.com/libp2p/go-libp2p-routing-helpers/composed.go:121.3,121.6 1 1
github.com/libp2p/go-libp2p-routing-helpers/composed.go:117.31,120.4 2 1
github.com/libp2p/go-libp2p-routing-helpers/composed.go:125.27,126.17 1 1
github.com/libp2p/go-libp2p-routing-helpers/composed.go:126.17,128.4 1 1
github.com/libp2p/go-libp2p-routing-helpers/limited.go:21.95,22.36 1 1
github.com/libp2p/go-libp2p-routing-helpers/limited.go:27.2,27.33 1 1
github.com/libp2p/go-libp2p-routing-helpers/limited.go:22.36,23.17 1 1
github.com/libp2p/go-libp2p-routing-helpers/limited.go:23.17,25.4 1 1
github.com/libp2p/go-libp2p-routing-helpers/limited.go:31.115,32.28 1 1
github.com/libp2p/go-libp2p-routing-helpers/limited.go:35.2,35.58 1 1
github.com/libp2p/go-libp2p-routing-helpers/limited.go:32.28,34.3 1 1
github.com/libp2p/go-libp2p-routing-helpers/limited.go:39.61,40.18 1 1
github.com/libp2p/go-libp2p-routing-helpers/limited.go:43.2,43.19 1 1
github.com/libp2p/go-libp2p-routing-helpers/limited.go:46.2,47.36 2 1
github.com/libp2p/go-libp2p-routing-helpers/limited.go:52.2,52.14 1 1
github.com/libp2p/go-libp2p-routing-helpers/limited.go:40.18,42.3 1 1
github.com/libp2p/go-libp2p-routing-helpers/limited.go:43.19,45.3 1 1
github.com/libp2p/go-libp2p-routing-helpers/limited.go:47.36,48.78 1 1
github.com/libp2p/go-libp2p-routing-helpers/limited.go:48.78,50.4 1 1
github.com/libp2p/go-libp2p-routing-helpers/limited.go:56.111,57.28 1 1
github.com/libp2p/go-libp2p-routing-helpers/limited.go:60.2,60.51 1 1
github.com/libp2p/go-libp2p-routing-helpers/limited.go:57.28,59.3 1 1
github.com/libp2p/go-libp2p-routing-helpers/limited.go:63.68,64.46 1 1
github.com/libp2p/go-libp2p-routing-helpers/limited.go:67.2,67.12 1 1
github.com/libp2p/go-libp2p-routing-helpers/limited.go:64.46,66.3 1 1
github.com/libp2p/go-libp2p-routing-helpers/null.go:18.81,20.2 1 1
github.com/libp2p/go-libp2p-routing-helpers/null.go:23.83,25.2 1 1
github.com/libp2p/go-libp2p-routing-helpers/null.go:28.63,30.2 1 1
github.com/libp2p/go-libp2p-routing-helpers/null.go:33.90,37.2 3 1
github.com/libp2p/go-libp2p-routing-helpers/null.go:40.76,42.2 1 1
github.com/libp2p/go-libp2p-routing-helpers/null.go:45.49,47.2 1 1
github.com/libp2p/go-libp2p-routing-helpers/parallel.go:23.58,24.25 1 1
github.com/libp2p/go-libp2p-routing-helpers/parallel.go:25.12,26.15 1 1
github.com/libp2p/go-libp2p-routing-helpers/parallel.go:27.16,28.65 1 1
github.com/libp2p/go-libp2p-routing-helpers/parallel.go:29.16,30.25 1 1
github.com/libp2p/go-libp2p-routing-helpers/parallel.go:35.3,35.15 1 1
github.com/libp2p/go-libp2p-routing-helpers/parallel.go:36.14,37.25 1 1
github.com/libp2p/go-libp2p-routing-helpers/parallel.go:42.3,42.15 1 1
github.com/libp2p/go-libp2p-routing-helpers/parallel.go:43.26,44.65 1 1
github.com/libp2p/go-libp2p-routing-helpers/parallel.go:45.10,46.14 1 1
github.com/libp2p/go-libp2p-routing-helpers/parallel.go:30.25,31.28 1 1
github.com/libp2p/go-libp2p-routing-helpers/parallel.go:31.28,33.5 1 1
github.com/libp2p/go-libp2p-routing-helpers/parallel.go:37.25,38.28 1 1
github.com/libp2p/go-libp2p-routing-helpers/parallel.go:38.28,40.5 1 1
github.com/libp2p/go-libp2p-routing-helpers/parallel.go:50.48,51.25 1 1
github.com/libp2p/go-libp2p-routing-helpers/parallel.go:52.12,53.15 1 1
github.com/libp2p/go-libp2p-routing-helpers/parallel.go:54.16,55.63 1 1
github.com/libp2p/go-libp2p-routing-helpers/parallel.go:56.16,57.25 1 1
github.com/libp2p/go-libp2p-routing-helpers/parallel.go:62.3,62.15 1 1
github.com/libp2p/go-libp2p-routing-helpers/parallel.go:63.14,64.25 1 1
github.com/libp2p/go-libp2p-routing-helpers/parallel.go:69.3,69.15 1 1
github.com/libp2p/go-libp2p-routing-helpers/parallel.go:70.10,71.14 1 1
github.com/libp2p/go-libp2p-routing-helpers/parallel.go:57.25,58.24 1 1
github.com/libp2p/go-libp2p-routing-helpers/parallel.go:58.24,60.5 1 1
github.com/libp2p/go-libp2p-routing-helpers/parallel.go:64.25,65.24 1 1
github.com/libp2p/go-libp2p-routing-helpers/parallel.go:65.24,67.5 1 1
github.com/libp2p/go-libp2p-routing-helpers/parallel.go:75.54,76.25 1 1
github.com/libp2p/go-libp2p-routing-helpers/parallel.go:77.12,78.15 1 1
github.com/libp2p/go-libp2p-routing-helpers/parallel.go:79.16,80.72 1 1
github.com/libp2p/go-libp2p-routing-helpers/parallel.go:81.16,82.25 1 1
github.com/libp2p/go-libp2p-routing-helpers/parallel.go:87.3,87.15 1 1
github.com/libp2p/go-libp2p-routing-helpers/parallel.go:88.14,89.25 1 1
github.com/libp2p/go-libp2p-routing-helpers/parallel.go:94.3,94.15 1 1
github.com/libp2p/go-libp2p-routing-helpers/parallel.go:95.10,96.14 1 1
github.com/libp2p/go-libp2p-routing-helpers/parallel.go:82.25,83.27 1 1
github.com/libp2p/go-libp2p-routing-helpers/parallel.go:83.27,85.5 1 1
github.com/libp2p/go-libp2p-routing-helpers/parallel.go:89.25,90.27 1 1
github.com/libp2p/go-libp2p-routing-helpers/parallel.go:90.27,92.5 1 1
github.com/libp2p/go-libp2p-routing-helpers/parallel.go:100.74,102.23 2 1
github.com/libp2p/go-libp2p-routing-helpers/parallel.go:107.2,107.12 1 1
github.com/libp2p/go-libp2p-routing-helpers/parallel.go:102.23,103.17 1 1
github.com/libp2p/go-libp2p-routing-helpers/parallel.go:103.17,105.4 1 1
github.com/libp2p/go-libp2p-routing-helpers/parallel.go:110.65,111.16 1 1
github.com/libp2p/go-libp2p-routing-helpers/parallel.go:118.2,121.23 4 1
github.com/libp2p/go-libp2p-routing-helpers/parallel.go:127.2,130.30 3 1
github.com/libp2p/go-libp2p-routing-helpers/parallel.go:141.2,141.19 1 1
github.com/libp2p/go-libp2p-routing-helpers/parallel.go:112.9,113.33 1 1
github.com/libp2p/go-libp2p-routing-helpers/parallel.go:114.9,115.18 1 1
github.com/libp2p/go-libp2p-routing-helpers/parallel.go:121.23,122.42 1 1
github.com/libp2p/go-libp2p-routing-helpers/parallel.go:122.42,125.4 2 1
github.com/libp2p/go-libp2p-routing-helpers/parallel.go:130.30,131.14 1 1
github.com/libp2p/go-libp2p-routing-helpers/parallel.go:132.12,134.14 1 1
github.com/libp2p/go-libp2p-routing-helpers/parallel.go:135.32,135.32 0 1
github.com/libp2p/go-libp2p-routing-helpers/parallel.go:136.11,137.28 1 1
github.com/libp2p/go-libp2p-routing-helpers/parallel.go:142.9,143.33 1 1
github.com/libp2p/go-libp2p-routing-helpers/parallel.go:144.9,145.17 1 1
github.com/libp2p/go-libp2p-routing-helpers/parallel.go:146.10,147.41 1 1
github.com/libp2p/go-libp2p-routing-helpers/parallel.go:151.116,152.16 1 1
github.com/libp2p/go-libp2p-routing-helpers/parallel.go:159.2,166.23 4 1
github.com/libp2p/go-libp2p-routing-helpers/parallel.go:182.2,183.18 2 1
github.com/libp2p/go-libp2p-routing-helpers/parallel.go:203.2,203.19 1 1
github.com/libp2p/go-libp2p-routing-helpers/parallel.go:153.9,154.34 1 1
github.com/libp2p/go-libp2p-routing-helpers/parallel.go:155.9,156.18 1 1
github.com/libp2p/go-libp2p-routing-helpers/parallel.go:166.23,167.35 1 1
github.com/libp2p/go-libp2p-routing-helpers/parallel.go:167.35,169.11 2 1
github.com/libp2p/go-libp2p-routing-helpers/parallel.go:176.6,176.6 0 1
github.com/libp2p/go-libp2p-routing-helpers/parallel.go:177.22,177.22 0 1
github.com/libp2p/go-libp2p-routing-helpers/parallel.go:183.18,184.10 1 1
github.com/libp2p/go-libp2p-routing-helpers/parallel.go:185.25,186.19 1 1
github.com/libp2p/go-libp2p-routing-helpers/parallel.go:194.4,194.24 1 1
github.com/libp2p/go-libp2p-routing-helpers/parallel.go:197.4,197.32 1 1
github.com/libp2p/go-libp2p-routing-helpers/parallel.go:198.21,199.25 1 1
github.com/libp2p/go-libp2p-routing-helpers/parallel.go:187.13,188.24 1 1
github.com/libp2p/go-libp2p-routing-helpers/parallel.go:189.54,190.13 1 1
github.com/libp2p/go-libp2p-routing-helpers/parallel.go:194.24,196.5 1 0
github.com/libp2p/go-libp2p-routing-helpers/parallel.go:204.9,205.34 1 1
github.com/libp2p/go-libp2p-routing-helpers/parallel.go:206.9,207.22 1 0
github.com/libp2p/go-libp2p-routing-helpers/parallel.go:208.10,209.46 1 1
github.com/libp2p/go-libp2p-routing-helpers/parallel.go:213.47,214.52 1 1
github.com/libp2p/go-libp2p-routing-helpers/parallel.go:214.52,216.3 1 1
github.com/libp2p/go-libp2p-routing-helpers/parallel.go:219.103,220.62 1 1
github.com/libp2p/go-libp2p-routing-helpers/parallel.go:220.62,222.3 1 1
github.com/libp2p/go-libp2p-routing-helpers/parallel.go:225.99,226.88 1 1
github.com/libp2p/go-libp2p-routing-helpers/parallel.go:229.2,230.17 2 1
github.com/libp2p/go-libp2p-routing-helpers/parallel.go:226.88,228.3 1 1
github.com/libp2p/go-libp2p-routing-helpers/parallel.go:233.83,236.62 1 1
github.com/libp2p/go-libp2p-routing-helpers/parallel.go:239.2,240.17 2 1
github.com/libp2p/go-libp2p-routing-helpers/parallel.go:236.62,238.4 1 1
github.com/libp2p/go-libp2p-routing-helpers/parallel.go:243.85,244.58 1 1
github.com/libp2p/go-libp2p-routing-helpers/parallel.go:249.2,250.16 2 1
github.com/libp2p/go-libp2p-routing-helpers/parallel.go:244.58,246.3 1 1
github.com/libp2p/go-libp2p-routing-helpers/parallel.go:246.64,248.3 1 1
github.com/libp2p/go-libp2p-routing-helpers/parallel.go:253.78,254.52 1 1
github.com/libp2p/go-libp2p-routing-helpers/parallel.go:254.52,256.3 1 1
github.com/libp2p/go-libp2p-routing-helpers/parallel.go:256.44,258.3 1 1
github.com/libp2p/go-libp2p-routing-helpers/parallel.go:261.105,262.56 1 1
github.com/libp2p/go-libp2p-routing-helpers/parallel.go:266.2,266.22 1 1
github.com/libp2p/go-libp2p-routing-helpers/parallel.go:275.2,280.29 4 1
github.com/libp2p/go-libp2p-routing-helpers/parallel.go:284.2,284.12 1 1
github.com/libp2p/go-libp2p-routing-helpers/parallel.go:293.2,293.12 1 1
github.com/libp2p/go-libp2p-routing-helpers/parallel.go:262.56,264.3 1 1
github.com/libp2p/go-libp2p-routing-helpers/parallel.go:267.9,270.12 3 1
github.com/libp2p/go-libp2p-routing-helpers/parallel.go:271.9,272.48 1 1
github.com/libp2p/go-libp2p-routing-helpers/parallel.go:280.29,282.3 1 1
github.com/libp2p/go-libp2p-routing-helpers/parallel.go:284.12,287.25 3 1
github.com/libp2p/go-libp2p-routing-helpers/parallel.go:287.25,289.4 1 1
github.com/libp2p/go-libp2p-routing-helpers/parallel.go:289.9,291.4 1 1
github.com/libp2p/go-libp2p-routing-helpers/parallel.go:299.109,303.24 3 1
github.com/libp2p/go-libp2p-routing-helpers/parallel.go:309.2,309.40 1 1
github.com/libp2p/go-libp2p-routing-helpers/parallel.go:303.24,308.3 1 1
github.com/libp2p/go-libp2p-routing-helpers/parallel.go:309.40,311.10 2 1
github.com/libp2p/go-libp2p-routing-helpers/parallel.go:318.3,319.32 2 1
github.com/libp2p/go-libp2p-routing-helpers/parallel.go:323.3,323.10 1 1
github.com/libp2p/go-libp2p-routing-helpers/parallel.go:311.10,315.12 3 1
github.com/libp2p/go-libp2p-routing-helpers/parallel.go:319.32,320.12 1 1
github.com/libp2p/go-libp2p-routing-helpers/parallel.go:324.18,326.11 2 1
github.com/libp2p/go-libp2p-routing-helpers/parallel.go:327.21,328.10 1 1
github.com/libp2p/go-libp2p-routing-helpers/parallel.go:334.108,335.17 1 1
github.com/libp2p/go-libp2p-routing-helpers/parallel.go:339.2,347.27 6 1
github.com/libp2p/go-libp2p-routing-helpers/parallel.go:335.17,336.63 1 0
github.com/libp2p/go-libp2p-routing-helpers/parallel.go:347.27,350.10 3 1
github.com/libp2p/go-libp2p-routing-helpers/parallel.go:368.3,368.10 1 1
github.com/libp2p/go-libp2p-routing-helpers/parallel.go:373.3,373.31 1 1
github.com/libp2p/go-libp2p-routing-helpers/parallel.go:377.3,377.10 1 1
github.com/libp2p/go-libp2p-routing-helpers/parallel.go:351.28,352.16 1 1
github.com/libp2p/go-libp2p-routing-helpers/parallel.go:353.28,354.16 1 1
github.com/libp2p/go-libp2p-routing-helpers/parallel.go:355.28,356.16 1 1
github.com/libp2p/go-libp2p-routing-helpers/parallel.go:357.28,358.16 1 1
github.com/libp2p/go-libp2p-routing-helpers/parallel.go:359.28,360.16 1 1
github.com/libp2p/go-libp2p-routing-helpers/parallel.go:361.28,362.16 1 0
github.com/libp2p/go-libp2p-routing-helpers/parallel.go:363.28,364.16 1 0
github.com/libp2p/go-libp2p-routing-helpers/parallel.go:365.28,366.16 1 0
github.com/libp2p/go-libp2p-routing-helpers/parallel.go:368.10,371.12 3 1
github.com/libp2p/go-libp2p-routing-helpers/parallel.go:373.31,374.12 1 1
github.com/libp2p/go-libp2p-routing-helpers/parallel.go:378.18,380.11 2 1
github.com/libp2p/go-libp2p-routing-helpers/parallel.go:381.21,382.10 1 1
github.com/libp2p/go-libp2p-routing-helpers/parallel.go:387.56,391.22 4 1
github.com/libp2p/go-libp2p-routing-helpers/parallel.go:397.2,399.27 3 1
github.com/libp2p/go-libp2p-routing-helpers/parallel.go:404.2,404.24 1 1
github.com/libp2p/go-libp2p-routing-helpers/parallel.go:391.22,392.41 1 1
github.com/libp2p/go-libp2p-routing-helpers/parallel.go:392.41,395.4 2 1
github.com/libp2p/go-libp2p-routing-helpers/parallel.go:399.27,400.17 1 1
github.com/libp2p/go-libp2p-routing-helpers/parallel.go:400.17,402.4 1 1
github.com/libp2p/go-libp2p-routing-helpers/tiered.go:20.101,22.2 1 1
github.com/libp2p/go-libp2p-routing-helpers/tiered.go:24.114,26.23 2 1
github.com/libp2p/go-libp2p-routing-helpers/tiered.go:39.2,39.19 1 1
github.com/libp2p/go-libp2p-routing-helpers/tiered.go:26.23,28.14 2 1
github.com/libp2p/go-libp2p-routing-helpers/tiered.go:34.3,34.23 1 1
github.com/libp2p/go-libp2p-routing-helpers/tiered.go:37.3,37.27 1 1
github.com/libp2p/go-libp2p-routing-helpers/tiered.go:29.12,30.19 1 1
github.com/libp2p/go-libp2p-routing-helpers/tiered.go:31.53,32.12 1 1
github.com/libp2p/go-libp2p-routing-helpers/tiered.go:34.23,36.4 1 0
github.com/libp2p/go-libp2p-routing-helpers/tiered.go:40.9,41.34 1 1
github.com/libp2p/go-libp2p-routing-helpers/tiered.go:42.9,43.22 1 1
github.com/libp2p/go-libp2p-routing-helpers/tiered.go:44.10,45.46 1 1
github.com/libp2p/go-libp2p-routing-helpers/tiered.go:49.97,50.78 1 1
github.com/libp2p/go-libp2p-routing-helpers/tiered.go:53.2,54.17 2 1
github.com/libp2p/go-libp2p-routing-helpers/tiered.go:50.78,52.3 1 1
github.com/libp2p/go-libp2p-routing-helpers/tiered.go:57.81,58.76 1 1
github.com/libp2p/go-libp2p-routing-helpers/tiered.go:61.2,62.17 2 1
github.com/libp2p/go-libp2p-routing-helpers/tiered.go:58.76,60.3 1 1
github.com/libp2p/go-libp2p-routing-helpers/tiered.go:65.76,67.2 1 1
github.com/libp2p/go-libp2p-routing-helpers/tiered.go:69.103,71.2 1 1
github.com/libp2p/go-libp2p-routing-helpers/tiered.go:73.83,74.78 1 1
github.com/libp2p/go-libp2p-routing-helpers/tiered.go:77.2,78.17 2 1
github.com/libp2p/go-libp2p-routing-helpers/tiered.go:74.78,76.3 1 1
github.com/libp2p/go-libp2p-routing-helpers/tiered.go:81.54,83.2 1 1
